#
# A fatal error has been detected by the Java Runtime Environment:
#
#  Internal Error (classFileParser.cpp:3470), pid=8968, tid=8308
#  Error: ShouldNotReachHere()
#
# JRE version: 7.0_01-b08
# Java VM: Java HotSpot(TM) Client VM (21.1-b02 mixed mode windows-x86 )
# Failed to write core dump. Minidumps are not enabled by default on client versions of Windows
#
# If you would like to submit a bug report, please visit:
#   http://bugreport.sun.com/bugreport/crash.jsp
#

---------------  T H R E A D  ---------------

Current thread (0x01cb9c00):  JavaThread "Unknown thread" [_thread_in_vm, id=8308, stack(0x00690000,0x006e0000)]

Stack: [0x00690000,0x006e0000],  sp=0x006df64c,  free space=317k
Native frames: (J=compiled Java code, j=interpreted, Vv=VM code, C=native code)
V  [jvm.dll+0x1630e1]
V  [jvm.dll+0x15dcfb]
V  [jvm.dll+0x18e37]
V  [jvm.dll+0x1a6a8]
V  [jvm.dll+0x2a42f]
V  [jvm.dll+0x2b818]
V  [jvm.dll+0x2bedb]
V  [jvm.dll+0x2bf2a]
V  [jvm.dll+0x2c07d]
V  [jvm.dll+0x2c15a]
V  [jvm.dll+0x2c3d7]
V  [jvm.dll+0x73cb1]
V  [jvm.dll+0x7406b]
V  [jvm.dll+0x121a7c]
V  [jvm.dll+0x14382a]
V  [jvm.dll+0xa2940]
C  [javaw.exe+0x1359]
C  [javaw.exe+0x1dc9]
C  [javaw.exe+0xa0cb]
C  [javaw.exe+0xa155]
C  [kernel32.dll+0x1338a]  BaseThreadInitThunk+0x12
C  [ntdll.dll+0x39f72]  RtlInitializeExceptionChain+0x63
C  [ntdll.dll+0x39f45]  RtlInitializeExceptionChain+0x36


---------------  P R O C E S S  ---------------

Java Threads: ( => current thread )

Other Threads:

=>0x01cb9c00 (exited) JavaThread "Unknown thread" [_thread_in_vm, id=8308, stack(0x00690000,0x006e0000)]

VM state:not at safepoint (not fully initialized)

VM Mutex/Monitor currently owned by a thread: None

Dynamic libraries:
0x00030000 - 0x0005f000 	C:\Program Files (x86)\Java\jdk1.7.0_01\bin\javaw.exe
0x76f00000 - 0x77080000 	C:\Windows\SysWOW64\ntdll.dll
0x75c20000 - 0x75d30000 	C:\Windows\syswow64\kernel32.dll
0x74cf0000 - 0x74d37000 	C:\Windows\syswow64\KERNELBASE.dll
0x755d0000 - 0x75670000 	C:\Windows\syswow64\ADVAPI32.dll
0x74ad0000 - 0x74b7c000 	C:\Windows\syswow64\msvcrt.dll
0x75d40000 - 0x75d59000 	C:\Windows\SysWOW64\sechost.dll
0x74b90000 - 0x74c80000 	C:\Windows\syswow64\RPCRT4.dll
0x74910000 - 0x74970000 	C:\Windows\syswow64\SspiCli.dll
0x74900000 - 0x7490c000 	C:\Windows\syswow64\CRYPTBASE.dll
0x754d0000 - 0x755d0000 	C:\Windows\syswow64\USER32.dll
0x74f90000 - 0x75020000 	C:\Windows\syswow64\GDI32.dll
0x74c80000 - 0x74c8a000 	C:\Windows\syswow64\LPK.dll
0x75200000 - 0x7529d000 	C:\Windows\syswow64\USP10.dll
0x71b50000 - 0x71cee000 	C:\Windows\WinSxS\x86_microsoft.windows.common-controls_6595b64144ccf1df_6.0.7601.17514_none_41e6975e2bd6f2b2\COMCTL32.dll
0x75060000 - 0x750b7000 	C:\Windows\syswow64\SHLWAPI.dll
0x74c90000 - 0x74cf0000 	C:\Windows\system32\IMM32.DLL
0x75d60000 - 0x75e2c000 	C:\Windows\syswow64\MSCTF.dll
0x54e70000 - 0x54f2e000 	C:\Program Files (x86)\Java\jdk1.7.0_01\jre\bin\msvcr100.dll
0x6ac50000 - 0x6af71000 	C:\Program Files (x86)\Java\jdk1.7.0_01\jre\bin\client\jvm.dll
0x6e3b0000 - 0x6e3b7000 	C:\Windows\system32\WSOCK32.dll
0x75020000 - 0x75055000 	C:\Windows\syswow64\WS2_32.dll
0x74de0000 - 0x74de6000 	C:\Windows\syswow64\NSI.dll
0x72a30000 - 0x72a62000 	C:\Windows\system32\WINMM.dll
0x75d30000 - 0x75d35000 	C:\Windows\syswow64\PSAPI.DLL
0x748b0000 - 0x748bc000 	C:\Program Files (x86)\Java\jdk1.7.0_01\jre\bin\verify.dll
0x746e0000 - 0x74700000 	C:\Program Files (x86)\Java\jdk1.7.0_01\jre\bin\java.dll
0x72740000 - 0x72753000 	C:\Program Files (x86)\Java\jdk1.7.0_01\jre\bin\zip.dll

VM Arguments:
jvm_args: -Dfile.encoding=GBK -Xbootclasspath:E:\sdk\platforms\android-17\android.jar 
java_command: com.xy.fy.view.Test
Launcher Type: SUN_STANDARD

Environment Variables:
JAVA_HOME=C:\Program Files (x86)\Java\jdk1.7.0_01
CLASSPATH=.
PATH=C:/Program Files (x86)/Java/jdk1.7.0_01/bin/../jre/bin/client;C:/Program Files (x86)/Java/jdk1.7.0_01/bin/../jre/bin;C:/Program Files (x86)/Java/jdk1.7.0_01/bin/../jre/lib/i386;C:\Program Files (x86)\Java\jdk1.7.0_01\bin;C:\Windows\system32;C:\Windows;C:\Windows\System32\Wbem;C:\Windows\System32\WindowsPowerShell\v1.0\;D:\Program Files\MySQL\MySQL Server 5.6\bin;D:\Program Files\TortoiseSVN\bin;D:\Program Files\VisualSVN Server\bin;d:\Program Files (x86)\Microsoft SQL Server\100\Tools\Binn\;d:\Program Files\Microsoft SQL Server\100\Tools\Binn\;d:\Program Files\Microsoft SQL Server\100\DTS\Binn\;d:\Program Files (x86)\Microsoft SQL Server\100\Tools\Binn\VSShell\Common7\IDE\;C:\Program Files (x86)\Microsoft Visual Studio 9.0\Common7\IDE\PrivateAssemblies\;d:\Program Files (x86)\Microsoft SQL Server\100\DTS\Binn\;D:\Program Files\Cracklock\Bin;E:\JAVA\eclipse;
USERNAME=Administrator
OS=Windows_NT
PROCESSOR_IDENTIFIER=Intel64 Family 6 Model 42 Stepping 7, GenuineIntel



---------------  S Y S T E M  ---------------

OS: Windows 7 , 64 bit Build 7601 Service Pack 1

CPU:total 4 (2 cores per cpu, 2 threads per core) family 6 model 42 stepping 7, cmov, cx8, fxsr, mmx, sse, sse2, sse3, ssse3, sse4.1, sse4.2, popcnt, ht

Memory: 4k page, physical 4136816k(934676k free), swap 8271768k(3852316k free)

vm_info: Java HotSpot(TM) Client VM (21.1-b02) for windows-x86 JRE (1.7.0_01-b08), built on Oct  3 2011 02:11:36 by "java_re" with unknown MS VC++:1600

time: Mon Jul 21 17:54:51 2014
elapsed time: 0 seconds

